<?xml version="1.0" encoding="UTF-8"?>
<testng-results ignored="0" total="2" passed="2" failed="0" skipped="0">
  <reporter-output>
  </reporter-output>
  <suite started-at="2025-04-18T21:01:33 IST" name="Suite" finished-at="2025-04-18T21:01:47 IST" duration-ms="13477">
    <groups>
      <group name="Master">
        <method signature="TC001AutomationTestCase.verifyAccountRegistration()[pri:0, instance:testCases.TC001AutomationTestCase@5a9d6f02]" name="verifyAccountRegistration" class="testCases.TC001AutomationTestCase"/>
        <method signature="TC002LoginTest.verify_login()[pri:0, instance:testCases.TC002LoginTest@56113384]" name="verify_login" class="testCases.TC002LoginTest"/>
      </group> <!-- Master -->
      <group name="Sanity">
        <method signature="TC001AutomationTestCase.verifyAccountRegistration()[pri:0, instance:testCases.TC001AutomationTestCase@5a9d6f02]" name="verifyAccountRegistration" class="testCases.TC001AutomationTestCase"/>
        <method signature="TC002LoginTest.verify_login()[pri:0, instance:testCases.TC002LoginTest@56113384]" name="verify_login" class="testCases.TC002LoginTest"/>
      </group> <!-- Sanity -->
    </groups>
    <test started-at="2025-04-18T21:01:33 IST" name="Chrome Test" finished-at="2025-04-18T21:01:47 IST" duration-ms="13477">
      <class name="testCases.TC002LoginTest">
        <test-method is-config="true" signature="setup(java.lang.String,java.lang.String)[pri:0, instance:testCases.TC002LoginTest@56113384]" started-at="2025-04-18T21:01:33 IST" name="setup" finished-at="2025-04-18T21:01:39 IST" duration-ms="5119" status="PASS">
          <params>
            <param index="0">
              <value>
                <![CDATA[Windows]]>
              </value>
            </param>
            <param index="1">
              <value>
                <![CDATA[chrome]]>
              </value>
            </param>
          </params>
          <reporter-output>
          </reporter-output>
        </test-method> <!-- setup -->
        <test-method signature="verify_login()[pri:0, instance:testCases.TC002LoginTest@56113384]" started-at="2025-04-18T21:01:39 IST" name="verify_login" finished-at="2025-04-18T21:01:41 IST" duration-ms="2294" status="PASS">
          <reporter-output>
          </reporter-output>
        </test-method> <!-- verify_login -->
        <test-method is-config="true" signature="tearDown()[pri:0, instance:testCases.TC002LoginTest@56113384]" started-at="2025-04-18T21:01:41 IST" name="tearDown" finished-at="2025-04-18T21:01:41 IST" duration-ms="174" status="PASS">
          <reporter-output>
          </reporter-output>
        </test-method> <!-- tearDown -->
      </class> <!-- testCases.TC002LoginTest -->
      <class name="testCases.TC001AutomationTestCase">
        <test-method is-config="true" signature="setup(java.lang.String,java.lang.String)[pri:0, instance:testCases.TC001AutomationTestCase@5a9d6f02]" started-at="2025-04-18T21:01:41 IST" name="setup" finished-at="2025-04-18T21:01:44 IST" duration-ms="3039" status="PASS">
          <params>
            <param index="0">
              <value>
                <![CDATA[Windows]]>
              </value>
            </param>
            <param index="1">
              <value>
                <![CDATA[chrome]]>
              </value>
            </param>
          </params>
          <reporter-output>
          </reporter-output>
        </test-method> <!-- setup -->
        <test-method signature="verifyAccountRegistration()[pri:0, instance:testCases.TC001AutomationTestCase@5a9d6f02]" started-at="2025-04-18T21:01:44 IST" name="verifyAccountRegistration" finished-at="2025-04-18T21:01:47 IST" duration-ms="2428" status="PASS">
          <reporter-output>
          </reporter-output>
        </test-method> <!-- verifyAccountRegistration -->
        <test-method is-config="true" signature="tearDown()[pri:0, instance:testCases.TC001AutomationTestCase@5a9d6f02]" started-at="2025-04-18T21:01:47 IST" name="tearDown" finished-at="2025-04-18T21:01:47 IST" duration-ms="161" status="PASS">
          <reporter-output>
          </reporter-output>
        </test-method> <!-- tearDown -->
      </class> <!-- testCases.TC001AutomationTestCase -->
    </test> <!-- Chrome Test -->
  </suite> <!-- Suite -->
</testng-results>
